<?xml version="1.0" encoding="UTF-8"?>
<testng-results ignored="0" total="1" passed="1" failed="0" skipped="0">
  <reporter-output>
  </reporter-output>
  <suite started-at="2025-01-17T13:15:21 GMT+03:00" name="Default suite" finished-at="2025-01-17T13:15:51 GMT+03:00" duration-ms="30082">
    <groups>
    </groups>
    <test started-at="2025-01-17T13:15:21 GMT+03:00" name="Default test" finished-at="2025-01-17T13:15:51 GMT+03:00" duration-ms="30082">
      <class name="Hello.OrangeHRMProject.MyInfo">
        <test-method is-config="true" signature="setup()[pri:0, instance:Hello.OrangeHRMProject.MyInfo@49139829]" started-at="2025-01-17T13:15:21 GMT+03:00" name="setup" finished-at="2025-01-17T13:15:26 GMT+03:00" duration-ms="4411" status="PASS">
          <reporter-output>
          </reporter-output>
        </test-method> <!-- setup -->
        <test-method signature="MyInformaion(java.lang.String,java.lang.String,java.lang.String,java.lang.String,java.lang.String,java.lang.String,boolean)[pri:0, instance:Hello.OrangeHRMProject.MyInfo@49139829]" started-at="2025-01-17T13:15:26 GMT+03:00" name="MyInformaion" data-provider="personalDetails" finished-at="2025-01-17T13:15:51 GMT+03:00" duration-ms="25618" status="PASS">
          <params>
            <param index="0">
              <value>
                <![CDATA[Ghaith]]>
              </value>
            </param>
            <param index="1">
              <value>
                <![CDATA[Mahmoud]]>
              </value>
            </param>
            <param index="2">
              <value>
                <![CDATA[Mahmoud]]>
              </value>
            </param>
            <param index="3">
              <value>
                <![CDATA[52]]>
              </value>
            </param>
            <param index="4">
              <value>
                <![CDATA[15248]]>
              </value>
            </param>
            <param index="5">
              <value>
                <![CDATA[5]]>
              </value>
            </param>
            <param index="6">
              <value>
                <![CDATA[true]]>
              </value>
            </param>
          </params>
          <reporter-output>
          </reporter-output>
        </test-method> <!-- MyInformaion -->
      </class> <!-- Hello.OrangeHRMProject.MyInfo -->
    </test> <!-- Default test -->
  </suite> <!-- Default suite -->
</testng-results>
